<?xml version="1.0" encoding="UTF-8"?>
<robot generator="Robot 3.1.2 (Python 3.8.2 on win32)" generated="20200814 12:20:05.001" rpa="false">
<suite id="s1" name="Categories" source="C:\ITHS\Testprocesser i praktiken\project\skatteinformation\tests\Navigation\Categories.robot">
<test id="s1-t1" name="Categories">
<kw name="Begin Web Test" library="CategoriesKeywords" type="setup">
<kw name="Open Browser" library="SeleniumLibrary">
<doc>Opens a new browser instance to the optional ``url``.</doc>
<arguments>
<arg>about:blank</arg>
<arg>${BROWSER}</arg>
</arguments>
<msg timestamp="20200814 12:20:05.242" level="INFO">Opening browser 'chrome' to base url 'about:blank'.</msg>
<kw name="Capture Page Screenshot" library="SeleniumLibrary">
<doc>Takes a screenshot of the current page and embeds it into a log file.</doc>
<msg timestamp="20200814 12:20:09.230" level="INFO">Cannot capture screenshot because no browser is open.</msg>
<status status="PASS" starttime="20200814 12:20:09.230" endtime="20200814 12:20:09.231"></status>
</kw>
<msg timestamp="20200814 12:20:09.306" level="FAIL">SessionNotCreatedException: Message: session not created: This version of ChromeDriver only supports Chrome version 80
</msg>
<status status="FAIL" starttime="20200814 12:20:05.242" endtime="20200814 12:20:09.306"></status>
</kw>
<status status="FAIL" starttime="20200814 12:20:05.242" endtime="20200814 12:20:09.306"></status>
</kw>
<kw name="End Web Test" type="teardown">
<msg timestamp="20200814 12:20:09.310" level="FAIL">No keyword with name 'End Web Test' found.</msg>
<status status="FAIL" starttime="20200814 12:20:09.309" endtime="20200814 12:20:09.310">No keyword with name 'End Web Test' found.</status>
</kw>
<status status="FAIL" starttime="20200814 12:20:05.241" endtime="20200814 12:20:09.310" critical="yes">Setup failed:
SessionNotCreatedException: Message: session not created: This version of ChromeDriver only supports Chrome version 80


Also teardown failed:
No keyword with name 'End Web Test' found.</status>
</test>
<status status="FAIL" starttime="20200814 12:20:05.002" endtime="20200814 12:20:09.310"></status>
</suite>
<statistics>
<total>
<stat pass="0" fail="1">Critical Tests</stat>
<stat pass="0" fail="1">All Tests</stat>
</total>
<tag>
</tag>
<suite>
<stat pass="0" fail="1" id="s1" name="Categories">Categories</stat>
</suite>
</statistics>
<errors>
</errors>
</robot>
